<?xml version="1.0" encoding="UTF-8"?>
<testsuite xmlns:xsi="http://www.w3.org/2001/XMLSchema-instance" xsi:noNamespaceSchemaLocation="https://maven.apache.org/surefire/maven-surefire-plugin/xsd/surefire-test-report.xsd" name="hu.unideb.inf.TableTest" time="0" tests="4" errors="0" skipped="0" failures="0">
  <properties>
    <property name="java.specification.version" value="15"/>
    <property name="sun.cpu.isalist" value="amd64"/>
    <property name="sun.jnu.encoding" value="Cp1250"/>
    <property name="java.class.path" value="C:\Users\KRONESIT\Documents\GitHub\RestaurantSoftware\RestaurantSoftware\target\test-classes;C:\Users\KRONESIT\Documents\GitHub\RestaurantSoftware\RestaurantSoftware\target\classes;C:\Users\KRONESIT\.m2\repository\org\openjfx\javafx-controls\11\javafx-controls-11.jar;C:\Users\KRONESIT\.m2\repository\org\openjfx\javafx-controls\11\javafx-controls-11-win.jar;C:\Users\KRONESIT\.m2\repository\org\openjfx\javafx-graphics\11\javafx-graphics-11.jar;C:\Users\KRONESIT\.m2\repository\org\openjfx\javafx-graphics\11\javafx-graphics-11-win.jar;C:\Users\KRONESIT\.m2\repository\org\openjfx\javafx-base\11\javafx-base-11.jar;C:\Users\KRONESIT\.m2\repository\org\openjfx\javafx-base\11\javafx-base-11-win.jar;C:\Users\KRONESIT\.m2\repository\org\openjfx\javafx-fxml\11\javafx-fxml-11.jar;C:\Users\KRONESIT\.m2\repository\org\openjfx\javafx-fxml\11\javafx-fxml-11-win.jar;C:\Users\KRONESIT\.m2\repository\org\junit\jupiter\junit-jupiter-api\5.5.2\junit-jupiter-api-5.5.2.jar;C:\Users\KRONESIT\.m2\repository\org\apiguardian\apiguardian-api\1.1.0\apiguardian-api-1.1.0.jar;C:\Users\KRONESIT\.m2\repository\org\opentest4j\opentest4j\1.2.0\opentest4j-1.2.0.jar;C:\Users\KRONESIT\.m2\repository\org\junit\platform\junit-platform-commons\1.5.2\junit-platform-commons-1.5.2.jar;C:\Users\KRONESIT\.m2\repository\org\junit\jupiter\junit-jupiter-engine\5.5.2\junit-jupiter-engine-5.5.2.jar;C:\Users\KRONESIT\.m2\repository\org\junit\platform\junit-platform-engine\1.5.2\junit-platform-engine-1.5.2.jar;C:\Users\KRONESIT\.m2\repository\org\hamcrest\hamcrest-core\1.3\hamcrest-core-1.3.jar;C:\Users\KRONESIT\.m2\repository\org\mockito\mockito-core\3.7.7\mockito-core-3.7.7.jar;C:\Users\KRONESIT\.m2\repository\net\bytebuddy\byte-buddy\1.10.19\byte-buddy-1.10.19.jar;C:\Users\KRONESIT\.m2\repository\net\bytebuddy\byte-buddy-agent\1.10.19\byte-buddy-agent-1.10.19.jar;C:\Users\KRONESIT\.m2\repository\org\objenesis\objenesis\3.1\objenesis-3.1.jar;C:\Users\KRONESIT\.m2\repository\org\junit\jupiter\junit-jupiter-params\5.5.2\junit-jupiter-params-5.5.2.jar;C:\Users\KRONESIT\.m2\repository\junit\junit\4.11\junit-4.11.jar;C:\Users\KRONESIT\.m2\repository\org\loadui\testFx\3.1.2\testFx-3.1.2.jar;C:\Users\KRONESIT\.m2\repository\com\google\guava\guava\14.0.1\guava-14.0.1.jar;C:\Users\KRONESIT\.m2\repository\org\hamcrest\hamcrest-all\1.3\hamcrest-all-1.3.jar;C:\Users\KRONESIT\.m2\repository\org\testfx\testfx-junit5\4.0.16-alpha\testfx-junit5-4.0.16-alpha.jar;C:\Users\KRONESIT\.m2\repository\org\testfx\testfx-core\4.0.16-alpha\testfx-core-4.0.16-alpha.jar;C:\Users\KRONESIT\.m2\repository\org\assertj\assertj-core\3.13.2\assertj-core-3.13.2.jar;"/>
    <property name="java.vm.vendor" value="Oracle Corporation"/>
    <property name="sun.arch.data.model" value="64"/>
    <property name="user.variant" value=""/>
    <property name="java.vendor.url" value="https://java.oracle.com/"/>
    <property name="user.timezone" value="Europe/Budapest"/>
    <property name="os.name" value="Windows 10"/>
    <property name="java.vm.specification.version" value="15"/>
    <property name="user.country" value="HU"/>
    <property name="sun.java.launcher" value="SUN_STANDARD"/>
    <property name="sun.boot.library.path" value="C:\Program Files\Java\jdk-15.0.2\bin"/>
    <property name="sun.java.command" value="C:\Users\KRONESIT\AppData\Local\Temp\surefire10657228435808360448\surefirebooter7832752365826823587.jar C:\Users\KRONESIT\AppData\Local\Temp\surefire10657228435808360448 2021-03-21T11-04-09_202-jvmRun1 surefire4285196398877758017tmp surefire_01541324820805313475tmp"/>
    <property name="jdk.debug" value="release"/>
    <property name="surefire.test.class.path" value="C:\Users\KRONESIT\Documents\GitHub\RestaurantSoftware\RestaurantSoftware\target\test-classes;C:\Users\KRONESIT\Documents\GitHub\RestaurantSoftware\RestaurantSoftware\target\classes;C:\Users\KRONESIT\.m2\repository\org\openjfx\javafx-controls\11\javafx-controls-11.jar;C:\Users\KRONESIT\.m2\repository\org\openjfx\javafx-controls\11\javafx-controls-11-win.jar;C:\Users\KRONESIT\.m2\repository\org\openjfx\javafx-graphics\11\javafx-graphics-11.jar;C:\Users\KRONESIT\.m2\repository\org\openjfx\javafx-graphics\11\javafx-graphics-11-win.jar;C:\Users\KRONESIT\.m2\repository\org\openjfx\javafx-base\11\javafx-base-11.jar;C:\Users\KRONESIT\.m2\repository\org\openjfx\javafx-base\11\javafx-base-11-win.jar;C:\Users\KRONESIT\.m2\repository\org\openjfx\javafx-fxml\11\javafx-fxml-11.jar;C:\Users\KRONESIT\.m2\repository\org\openjfx\javafx-fxml\11\javafx-fxml-11-win.jar;C:\Users\KRONESIT\.m2\repository\org\junit\jupiter\junit-jupiter-api\5.5.2\junit-jupiter-api-5.5.2.jar;C:\Users\KRONESIT\.m2\repository\org\apiguardian\apiguardian-api\1.1.0\apiguardian-api-1.1.0.jar;C:\Users\KRONESIT\.m2\repository\org\opentest4j\opentest4j\1.2.0\opentest4j-1.2.0.jar;C:\Users\KRONESIT\.m2\repository\org\junit\platform\junit-platform-commons\1.5.2\junit-platform-commons-1.5.2.jar;C:\Users\KRONESIT\.m2\repository\org\junit\jupiter\junit-jupiter-engine\5.5.2\junit-jupiter-engine-5.5.2.jar;C:\Users\KRONESIT\.m2\repository\org\junit\platform\junit-platform-engine\1.5.2\junit-platform-engine-1.5.2.jar;C:\Users\KRONESIT\.m2\repository\org\hamcrest\hamcrest-core\1.3\hamcrest-core-1.3.jar;C:\Users\KRONESIT\.m2\repository\org\mockito\mockito-core\3.7.7\mockito-core-3.7.7.jar;C:\Users\KRONESIT\.m2\repository\net\bytebuddy\byte-buddy\1.10.19\byte-buddy-1.10.19.jar;C:\Users\KRONESIT\.m2\repository\net\bytebuddy\byte-buddy-agent\1.10.19\byte-buddy-agent-1.10.19.jar;C:\Users\KRONESIT\.m2\repository\org\objenesis\objenesis\3.1\objenesis-3.1.jar;C:\Users\KRONESIT\.m2\repository\org\junit\jupiter\junit-jupiter-params\5.5.2\junit-jupiter-params-5.5.2.jar;C:\Users\KRONESIT\.m2\repository\junit\junit\4.11\junit-4.11.jar;C:\Users\KRONESIT\.m2\repository\org\loadui\testFx\3.1.2\testFx-3.1.2.jar;C:\Users\KRONESIT\.m2\repository\com\google\guava\guava\14.0.1\guava-14.0.1.jar;C:\Users\KRONESIT\.m2\repository\org\hamcrest\hamcrest-all\1.3\hamcrest-all-1.3.jar;C:\Users\KRONESIT\.m2\repository\org\testfx\testfx-junit5\4.0.16-alpha\testfx-junit5-4.0.16-alpha.jar;C:\Users\KRONESIT\.m2\repository\org\testfx\testfx-core\4.0.16-alpha\testfx-core-4.0.16-alpha.jar;C:\Users\KRONESIT\.m2\repository\org\assertj\assertj-core\3.13.2\assertj-core-3.13.2.jar;"/>
    <property name="sun.cpu.endian" value="little"/>
    <property name="user.home" value="C:\Users\KRONESIT"/>
    <property name="user.language" value="hu"/>
    <property name="java.specification.vendor" value="Oracle Corporation"/>
    <property name="java.version.date" value="2021-01-19"/>
    <property name="java.home" value="C:\Program Files\Java\jdk-15.0.2"/>
    <property name="file.separator" value="\"/>
    <property name="basedir" value="C:\Users\KRONESIT\Documents\GitHub\RestaurantSoftware\RestaurantSoftware"/>
    <property name="java.vm.compressedOopsMode" value="32-bit"/>
    <property name="line.separator" value="&#10;"/>
    <property name="java.vm.specification.vendor" value="Oracle Corporation"/>
    <property name="java.specification.name" value="Java Platform API Specification"/>
    <property name="surefire.real.class.path" value="C:\Users\KRONESIT\AppData\Local\Temp\surefire10657228435808360448\surefirebooter7832752365826823587.jar"/>
    <property name="user.script" value=""/>
    <property name="sun.management.compiler" value="HotSpot 64-Bit Tiered Compilers"/>
    <property name="java.runtime.version" value="15.0.2+7-27"/>
    <property name="user.name" value="KRONESIT"/>
    <property name="path.separator" value=";"/>
    <property name="os.version" value="10.0"/>
    <property name="java.runtime.name" value="Java(TM) SE Runtime Environment"/>
    <property name="file.encoding" value="UTF-8"/>
    <property name="java.vm.name" value="Java HotSpot(TM) 64-Bit Server VM"/>
    <property name="maven.ext.class.path" value="C:\Program Files\NetBeans-12.0\netbeans\java\maven-nblib\netbeans-eventspy.jar"/>
    <property name="localRepository" value="C:\Users\KRONESIT\.m2\repository"/>
    <property name="java.vendor.url.bug" value="https://bugreport.java.com/bugreport/"/>
    <property name="java.io.tmpdir" value="C:\Users\KRONESIT\AppData\Local\Temp\"/>
    <property name="java.version" value="15.0.2"/>
    <property name="user.dir" value="C:\Users\KRONESIT\Documents\GitHub\RestaurantSoftware\RestaurantSoftware"/>
    <property name="os.arch" value="amd64"/>
    <property name="java.vm.specification.name" value="Java Virtual Machine Specification"/>
    <property name="sun.os.patch.level" value=""/>
    <property name="java.library.path" value="C:\Program Files\Java\jdk-15.0.2\bin;C:\WINDOWS\Sun\Java\bin;C:\WINDOWS\system32;C:\WINDOWS;C:\Program Files\Common Files\Oracle\Java\javapath;C:\WINDOWS\system32;C:\WINDOWS;C:\WINDOWS\System32\Wbem;C:\WINDOWS\System32\WindowsPowerShell\v1.0\;C:\WINDOWS\System32\OpenSSH\;C:\Program Files\nodejs\;C:\Program Files\PuTTY\;C:\Program Files\wkhtmltopdf\bin;C:\Program Files\Git\cmd;C:\Users\KRONESIT\AppData\Local\Microsoft\WindowsApps;C:\Users\KRONESIT\AppData\Roaming\npm;C:\Users\KRONESIT\AppData\Local\GitHubDesktop\bin;."/>
    <property name="java.vm.info" value="mixed mode, sharing"/>
    <property name="java.vendor" value="Oracle Corporation"/>
    <property name="java.vm.version" value="15.0.2+7-27"/>
    <property name="sun.io.unicode.encoding" value="UnicodeLittle"/>
    <property name="java.class.version" value="59.0"/>
    <property name="runfx.args" value="-jar &quot;${project.build.directory}/${project.build.finalName}.jar&quot; "/>
  </properties>
  <testcase name="testToString" classname="hu.unideb.inf.TableTest" time="0"/>
  <testcase name="testSetTableNumber" classname="hu.unideb.inf.TableTest" time="0"/>
  <testcase name="testToString2" classname="hu.unideb.inf.TableTest" time="0"/>
  <testcase name="testSetFoods" classname="hu.unideb.inf.TableTest" time="0"/>
</testsuite>